<?xml version="1.0" encoding="UTF-8"?>
<coverage generated="1705996778435" clover="3.2.0">
  <project timestamp="1705996778435" name="All files">
    <metrics statements="89" coveredstatements="80" conditionals="10" coveredconditionals="7" methods="36" coveredmethods="26" elements="135" coveredelements="113" complexity="0" loc="89" ncloc="89" packages="3" files="13" classes="13"/>
    <package name="components">
      <metrics statements="62" coveredstatements="57" conditionals="10" coveredconditionals="7" methods="25" coveredmethods="20"/>
      <file name="Body.js" path="C:\Users\Manohar Chimata\OneDrive - ARSHAA TECHNOLOGIES PRIVATE LIMITED\Desktop\namaste-react\src\components\Body.js">
        <metrics statements="30" coveredstatements="27" conditionals="6" coveredconditionals="4" methods="11" coveredmethods="8"/>
        <line num="7" count="2" type="stmt"/>
        <line num="8" count="11" type="stmt"/>
        <line num="9" count="10" type="stmt"/>
        <line num="10" count="10" type="stmt"/>
        <line num="11" count="10" type="stmt"/>
        <line num="14" count="10" type="stmt"/>
        <line num="15" count="10" type="stmt"/>
        <line num="16" count="3" type="stmt"/>
        <line num="18" count="10" type="stmt"/>
        <line num="19" count="3" type="stmt"/>
        <line num="20" count="3" type="stmt"/>
        <line num="25" count="3" type="stmt"/>
        <line num="26" count="3" type="stmt"/>
        <line num="27" count="3" type="stmt"/>
        <line num="30" count="3" type="stmt"/>
        <line num="32" count="10" type="stmt"/>
        <line num="33" count="10" type="stmt"/>
        <line num="34" count="10" type="cond" truecount="1" falsecount="1"/>
        <line num="35" count="0" type="stmt"/>
        <line num="37" count="10" type="cond" truecount="2" falsecount="0"/>
        <line num="38" count="6" type="stmt"/>
        <line num="40" count="4" type="stmt"/>
        <line num="50" count="1" type="stmt"/>
        <line num="57" count="1" type="stmt"/>
        <line num="59" count="20" type="stmt"/>
        <line num="62" count="1" type="stmt"/>
        <line num="70" count="0" type="stmt"/>
        <line num="78" count="0" type="stmt"/>
        <line num="103" count="63" type="stmt"/>
        <line num="106" count="46" type="stmt"/>
      </file>
      <file name="Cart.js" path="C:\Users\Manohar Chimata\OneDrive - ARSHAA TECHNOLOGIES PRIVATE LIMITED\Desktop\namaste-react\src\components\Cart.js">
        <metrics statements="8" coveredstatements="6" conditionals="0" coveredconditionals="0" methods="5" coveredmethods="3"/>
        <line num="3" count="1" type="stmt"/>
        <line num="4" count="3" type="stmt"/>
        <line num="5" count="6" type="stmt"/>
        <line num="6" count="3" type="stmt"/>
        <line num="7" count="0" type="stmt"/>
        <line num="9" count="3" type="stmt"/>
        <line num="12" count="2" type="stmt"/>
        <line num="16" count="0" type="stmt"/>
      </file>
      <file name="Header.js" path="C:\Users\Manohar Chimata\OneDrive - ARSHAA TECHNOLOGIES PRIVATE LIMITED\Desktop\namaste-react\src\components\Header.js">
        <metrics statements="7" coveredstatements="7" conditionals="2" coveredconditionals="1" methods="2" coveredmethods="2"/>
        <line num="8" count="2" type="stmt"/>
        <line num="9" count="6" type="stmt"/>
        <line num="11" count="6" type="stmt"/>
        <line num="13" count="6" type="stmt"/>
        <line num="14" count="12" type="stmt"/>
        <line num="15" count="6" type="stmt"/>
        <line num="16" count="6" type="stmt"/>
      </file>
      <file name="ResCard.js" path="C:\Users\Manohar Chimata\OneDrive - ARSHAA TECHNOLOGIES PRIVATE LIMITED\Desktop\namaste-react\src\components\ResCard.js">
        <metrics statements="4" coveredstatements="4" conditionals="0" coveredconditionals="0" methods="1" coveredmethods="1"/>
        <line num="3" count="2" type="stmt"/>
        <line num="4" count="46" type="stmt"/>
        <line num="5" count="46" type="stmt"/>
        <line num="6" count="46" type="stmt"/>
      </file>
      <file name="RestaruentMenu.js" path="C:\Users\Manohar Chimata\OneDrive - ARSHAA TECHNOLOGIES PRIVATE LIMITED\Desktop\namaste-react\src\components\RestaruentMenu.js">
        <metrics statements="10" coveredstatements="10" conditionals="2" coveredconditionals="2" methods="4" coveredmethods="4"/>
        <line num="7" count="1" type="stmt"/>
        <line num="8" count="4" type="stmt"/>
        <line num="9" count="3" type="stmt"/>
        <line num="10" count="3" type="stmt"/>
        <line num="11" count="3" type="cond" truecount="2" falsecount="0"/>
        <line num="12" count="1" type="stmt"/>
        <line num="13" count="1" type="stmt"/>
        <line num="15" count="1" type="stmt"/>
        <line num="28" count="4" type="stmt"/>
        <line num="43" count="1" type="stmt"/>
      </file>
      <file name="Shimmer.js" path="C:\Users\Manohar Chimata\OneDrive - ARSHAA TECHNOLOGIES PRIVATE LIMITED\Desktop\namaste-react\src\components\Shimmer.js">
        <metrics statements="2" coveredstatements="2" conditionals="0" coveredconditionals="0" methods="1" coveredmethods="1"/>
        <line num="3" count="2" type="stmt"/>
        <line num="4" count="8" type="stmt"/>
      </file>
      <file name="sum.js" path="C:\Users\Manohar Chimata\OneDrive - ARSHAA TECHNOLOGIES PRIVATE LIMITED\Desktop\namaste-react\src\components\sum.js">
        <metrics statements="1" coveredstatements="1" conditionals="0" coveredconditionals="0" methods="1" coveredmethods="1"/>
        <line num="1" count="1" type="stmt"/>
      </file>
    </package>
    <package name="redux">
      <metrics statements="6" coveredstatements="4" conditionals="0" coveredconditionals="0" methods="4" coveredmethods="1"/>
      <file name="cartSlice.js" path="C:\Users\Manohar Chimata\OneDrive - ARSHAA TECHNOLOGIES PRIVATE LIMITED\Desktop\namaste-react\src\redux\cartSlice.js">
        <metrics statements="5" coveredstatements="3" conditionals="0" coveredconditionals="0" methods="4" coveredmethods="1"/>
        <line num="2" count="3" type="stmt"/>
        <line num="9" count="1" type="stmt"/>
        <line num="12" count="0" type="stmt"/>
        <line num="15" count="0" type="stmt"/>
        <line num="20" count="3" type="stmt"/>
      </file>
      <file name="store.js" path="C:\Users\Manohar Chimata\OneDrive - ARSHAA TECHNOLOGIES PRIVATE LIMITED\Desktop\namaste-react\src\redux\store.js">
        <metrics statements="1" coveredstatements="1" conditionals="0" coveredconditionals="0" methods="0" coveredmethods="0"/>
        <line num="3" count="3" type="stmt"/>
      </file>
    </package>
    <package name="utils">
      <metrics statements="21" coveredstatements="19" conditionals="0" coveredconditionals="0" methods="7" coveredmethods="5"/>
      <file name="constants.js" path="C:\Users\Manohar Chimata\OneDrive - ARSHAA TECHNOLOGIES PRIVATE LIMITED\Desktop\namaste-react\src\utils\constants.js">
        <metrics statements="2" coveredstatements="2" conditionals="0" coveredconditionals="0" methods="0" coveredmethods="0"/>
        <line num="1" count="3" type="stmt"/>
        <line num="2" count="3" type="stmt"/>
      </file>
      <file name="mockData.js" path="C:\Users\Manohar Chimata\OneDrive - ARSHAA TECHNOLOGIES PRIVATE LIMITED\Desktop\namaste-react\src\utils\mockData.js">
        <metrics statements="2" coveredstatements="2" conditionals="0" coveredconditionals="0" methods="0" coveredmethods="0"/>
        <line num="1" count="2" type="stmt"/>
        <line num="6159" count="2" type="stmt"/>
      </file>
      <file name="useOnline.js" path="C:\Users\Manohar Chimata\OneDrive - ARSHAA TECHNOLOGIES PRIVATE LIMITED\Desktop\namaste-react\src\utils\useOnline.js">
        <metrics statements="8" coveredstatements="6" conditionals="0" coveredconditionals="0" methods="4" coveredmethods="2"/>
        <line num="3" count="3" type="stmt"/>
        <line num="4" count="16" type="stmt"/>
        <line num="5" count="16" type="stmt"/>
        <line num="6" count="8" type="stmt"/>
        <line num="7" count="0" type="stmt"/>
        <line num="9" count="8" type="stmt"/>
        <line num="10" count="0" type="stmt"/>
        <line num="13" count="16" type="stmt"/>
      </file>
      <file name="useRestaurents.js" path="C:\Users\Manohar Chimata\OneDrive - ARSHAA TECHNOLOGIES PRIVATE LIMITED\Desktop\namaste-react\src\utils\useRestaurents.js">
        <metrics statements="9" coveredstatements="9" conditionals="0" coveredconditionals="0" methods="3" coveredmethods="3"/>
        <line num="3" count="1" type="stmt"/>
        <line num="4" count="3" type="stmt"/>
        <line num="5" count="3" type="stmt"/>
        <line num="6" count="2" type="stmt"/>
        <line num="7" count="2" type="stmt"/>
        <line num="10" count="2" type="stmt"/>
        <line num="12" count="2" type="stmt"/>
        <line num="15" count="2" type="stmt"/>
        <line num="18" count="3" type="stmt"/>
      </file>
    </package>
  </project>
</coverage>
