{"C:\\Users\\Manohar Chimata\\OneDrive - ARSHAA TECHNOLOGIES PRIVATE LIMITED\\Desktop\\namaste-react\\src\\components\\Body.js": {"path":"C:\\Users\\Manohar Chimata\\OneDrive - ARSHAA TECHNOLOGIES PRIVATE LIMITED\\Desktop\\namaste-react\\src\\components\\Body.js","statementMap":{"0":{"start":{"line":7,"column":13},"end":{"line":119,"column":1}},"1":{"start":{"line":8,"column":32},"end":{"line":8,"column":44}},"2":{"start":{"line":9,"column":38},"end":{"line":9,"column":50}},"3":{"start":{"line":10,"column":26},"end":{"line":10,"column":41}},"4":{"start":{"line":11,"column":34},"end":{"line":13,"column":3}},"5":{"start":{"line":14,"column":19},"end":{"line":14,"column":30}},"6":{"start":{"line":15,"column":2},"end":{"line":17,"column":17}},"7":{"start":{"line":16,"column":4},"end":{"line":16,"column":19}},"8":{"start":{"line":18,"column":23},"end":{"line":31,"column":3}},"9":{"start":{"line":19,"column":4},"end":{"line":19,"column":18}},"10":{"start":{"line":20,"column":16},"end":{"line":24,"column":5}},"11":{"start":{"line":25,"column":17},"end":{"line":25,"column":33}},"12":{"start":{"line":26,"column":4},"end":{"line":26,"column":28}},"13":{"start":{"line":27,"column":4},"end":{"line":29,"column":6}},"14":{"start":{"line":30,"column":4},"end":{"line":30,"column":19}},"15":{"start":{"line":32,"column":2},"end":{"line":32,"column":24}},"16":{"start":{"line":33,"column":2},"end":{"line":33,"column":23}},"17":{"start":{"line":34,"column":2},"end":{"line":36,"column":3}},"18":{"start":{"line":35,"column":4},"end":{"line":35,"column":36}},"19":{"start":{"line":37,"column":2},"end":{"line":39,"column":3}},"20":{"start":{"line":38,"column":4},"end":{"line":38,"column":23}},"21":{"start":{"line":40,"column":2},"end":{"line":118,"column":4}},"22":{"start":{"line":50,"column":12},"end":{"line":50,"column":42}},"23":{"start":{"line":57,"column":12},"end":{"line":61,"column":14}},"24":{"start":{"line":59,"column":16},"end":{"line":59,"column":76}},"25":{"start":{"line":62,"column":12},"end":{"line":62,"column":30}},"26":{"start":{"line":70,"column":12},"end":{"line":70,"column":68}},"27":{"start":{"line":70,"column":45},"end":{"line":70,"column":65}},"28":{"start":{"line":78,"column":27},"end":{"line":78,"column":54}},"29":{"start":{"line":103,"column":14},"end":{"line":103,"column":74}},"30":{"start":{"line":106,"column":14},"end":{"line":113,"column":21}}},"fnMap":{"0":{"name":"(anonymous_0)","decl":{"start":{"line":7,"column":13},"end":{"line":7,"column":14}},"loc":{"start":{"line":7,"column":19},"end":{"line":119,"column":1}},"line":7},"1":{"name":"(anonymous_1)","decl":{"start":{"line":15,"column":12},"end":{"line":15,"column":13}},"loc":{"start":{"line":15,"column":18},"end":{"line":17,"column":3}},"line":15},"2":{"name":"(anonymous_2)","decl":{"start":{"line":18,"column":23},"end":{"line":18,"column":24}},"loc":{"start":{"line":18,"column":35},"end":{"line":31,"column":3}},"line":18},"3":{"name":"(anonymous_3)","decl":{"start":{"line":49,"column":20},"end":{"line":49,"column":21}},"loc":{"start":{"line":49,"column":27},"end":{"line":51,"column":11}},"line":49},"4":{"name":"(anonymous_4)","decl":{"start":{"line":56,"column":19},"end":{"line":56,"column":20}},"loc":{"start":{"line":56,"column":25},"end":{"line":63,"column":11}},"line":56},"5":{"name":"(anonymous_5)","decl":{"start":{"line":58,"column":30},"end":{"line":58,"column":31}},"loc":{"start":{"line":59,"column":16},"end":{"line":59,"column":76}},"line":59},"6":{"name":"(anonymous_6)","decl":{"start":{"line":69,"column":19},"end":{"line":69,"column":20}},"loc":{"start":{"line":69,"column":25},"end":{"line":71,"column":11}},"line":69},"7":{"name":"(anonymous_7)","decl":{"start":{"line":70,"column":38},"end":{"line":70,"column":39}},"loc":{"start":{"line":70,"column":45},"end":{"line":70,"column":65}},"line":70},"8":{"name":"(anonymous_8)","decl":{"start":{"line":78,"column":20},"end":{"line":78,"column":21}},"loc":{"start":{"line":78,"column":27},"end":{"line":78,"column":54}},"line":78},"9":{"name":"(anonymous_9)","decl":{"start":{"line":102,"column":21},"end":{"line":102,"column":22}},"loc":{"start":{"line":103,"column":14},"end":{"line":103,"column":74}},"line":103},"10":{"name":"(anonymous_10)","decl":{"start":{"line":105,"column":17},"end":{"line":105,"column":18}},"loc":{"start":{"line":106,"column":14},"end":{"line":113,"column":21}},"line":106}},"branchMap":{"0":{"loc":{"start":{"line":34,"column":2},"end":{"line":36,"column":3}},"type":"if","locations":[{"start":{"line":34,"column":2},"end":{"line":36,"column":3}},{"start":{},"end":{}}],"line":34},"1":{"loc":{"start":{"line":37,"column":2},"end":{"line":39,"column":3}},"type":"if","locations":[{"start":{"line":37,"column":2},"end":{"line":39,"column":3}},{"start":{},"end":{}}],"line":37},"2":{"loc":{"start":{"line":97,"column":7},"end":{"line":116,"column":7}},"type":"cond-expr","locations":[{"start":{"line":98,"column":8},"end":{"line":98,"column":19}},{"start":{"line":100,"column":8},"end":{"line":115,"column":14}}],"line":97}},"s":{"0":2,"1":11,"2":10,"3":10,"4":10,"5":10,"6":10,"7":3,"8":10,"9":3,"10":3,"11":3,"12":3,"13":3,"14":3,"15":10,"16":10,"17":10,"18":0,"19":10,"20":6,"21":4,"22":1,"23":1,"24":20,"25":1,"26":0,"27":0,"28":0,"29":63,"30":46},"f":{"0":11,"1":3,"2":3,"3":1,"4":1,"5":20,"6":0,"7":0,"8":0,"9":63,"10":46},"b":{"0":[0,10],"1":[6,4],"2":[0,4]},"_coverageSchema":"1a1c01bbd47fc00a2c39e90264f33305004495a9","hash":"9df37197260d3e3a57b054ceae322c504ee63e67"}
,"C:\\Users\\Manohar Chimata\\OneDrive - ARSHAA TECHNOLOGIES PRIVATE LIMITED\\Desktop\\namaste-react\\src\\components\\Cart.js": {"path":"C:\\Users\\Manohar Chimata\\OneDrive - ARSHAA TECHNOLOGIES PRIVATE LIMITED\\Desktop\\namaste-react\\src\\components\\Cart.js","statementMap":{"0":{"start":{"line":3,"column":13},"end":{"line":31,"column":1}},"1":{"start":{"line":4,"column":21},"end":{"line":4,"column":34}},"2":{"start":{"line":5,"column":20},"end":{"line":5,"column":60}},"3":{"start":{"line":5,"column":43},"end":{"line":5,"column":59}},"4":{"start":{"line":6,"column":22},"end":{"line":8,"column":3}},"5":{"start":{"line":7,"column":4},"end":{"line":7,"column":30}},"6":{"start":{"line":9,"column":2},"end":{"line":30,"column":4}},"7":{"start":{"line":12,"column":8},"end":{"line":27,"column":14}},"8":{"start":{"line":16,"column":87},"end":{"line":16,"column":112}}},"fnMap":{"0":{"name":"(anonymous_0)","decl":{"start":{"line":3,"column":13},"end":{"line":3,"column":14}},"loc":{"start":{"line":3,"column":19},"end":{"line":31,"column":1}},"line":3},"1":{"name":"(anonymous_1)","decl":{"start":{"line":5,"column":32},"end":{"line":5,"column":33}},"loc":{"start":{"line":5,"column":43},"end":{"line":5,"column":59}},"line":5},"2":{"name":"(anonymous_2)","decl":{"start":{"line":6,"column":22},"end":{"line":6,"column":23}},"loc":{"start":{"line":6,"column":30},"end":{"line":8,"column":3}},"line":6},"3":{"name":"(anonymous_3)","decl":{"start":{"line":11,"column":21},"end":{"line":11,"column":22}},"loc":{"start":{"line":12,"column":8},"end":{"line":27,"column":14}},"line":12},"4":{"name":"(anonymous_4)","decl":{"start":{"line":16,"column":82},"end":{"line":16,"column":83}},"loc":{"start":{"line":16,"column":86},"end":{"line":16,"column":113}},"line":16}},"branchMap":{},"s":{"0":1,"1":3,"2":3,"3":6,"4":3,"5":0,"6":3,"7":2,"8":0},"f":{"0":3,"1":6,"2":0,"3":2,"4":0},"b":{},"_coverageSchema":"1a1c01bbd47fc00a2c39e90264f33305004495a9","hash":"d5b34e125c29767b6d58c1d802213fd675f0f032"}
,"C:\\Users\\Manohar Chimata\\OneDrive - ARSHAA TECHNOLOGIES PRIVATE LIMITED\\Desktop\\namaste-react\\src\\components\\Header.js": {"path":"C:\\Users\\Manohar Chimata\\OneDrive - ARSHAA TECHNOLOGIES PRIVATE LIMITED\\Desktop\\namaste-react\\src\\components\\Header.js","statementMap":{"0":{"start":{"line":8,"column":15},"end":{"line":59,"column":1}},"1":{"start":{"line":9,"column":34},"end":{"line":9,"column":51}},"2":{"start":{"line":11,"column":19},"end":{"line":11,"column":30}},"3":{"start":{"line":13,"column":2},"end":{"line":13,"column":24}},"4":{"start":{"line":14,"column":20},"end":{"line":14,"column":58}},"5":{"start":{"line":14,"column":41},"end":{"line":14,"column":57}},"6":{"start":{"line":15,"column":2},"end":{"line":15,"column":24}},"7":{"start":{"line":16,"column":2},"end":{"line":58,"column":4}}},"fnMap":{"0":{"name":"(anonymous_0)","decl":{"start":{"line":8,"column":15},"end":{"line":8,"column":16}},"loc":{"start":{"line":8,"column":21},"end":{"line":59,"column":1}},"line":8},"1":{"name":"(anonymous_1)","decl":{"start":{"line":14,"column":32},"end":{"line":14,"column":33}},"loc":{"start":{"line":14,"column":41},"end":{"line":14,"column":57}},"line":14}},"branchMap":{"0":{"loc":{"start":{"line":35,"column":75},"end":{"line":35,"column":94}},"type":"cond-expr","locations":[{"start":{"line":35,"column":85},"end":{"line":35,"column":89}},{"start":{"line":35,"column":90},"end":{"line":35,"column":94}}],"line":35}},"s":{"0":2,"1":6,"2":6,"3":6,"4":6,"5":12,"6":6,"7":6},"f":{"0":6,"1":12},"b":{"0":[6,0]},"_coverageSchema":"1a1c01bbd47fc00a2c39e90264f33305004495a9","hash":"ac3d41da14d714e45f60e667bfc0d67117887f5d"}
,"C:\\Users\\Manohar Chimata\\OneDrive - ARSHAA TECHNOLOGIES PRIVATE LIMITED\\Desktop\\namaste-react\\src\\components\\ResCard.js": {"path":"C:\\Users\\Manohar Chimata\\OneDrive - ARSHAA TECHNOLOGIES PRIVATE LIMITED\\Desktop\\namaste-react\\src\\components\\ResCard.js","statementMap":{"0":{"start":{"line":3,"column":14},"end":{"line":20,"column":3}},"1":{"start":{"line":4,"column":17},"end":{"line":4,"column":28}},"2":{"start":{"line":5,"column":71},"end":{"line":5,"column":75}},"3":{"start":{"line":6,"column":4},"end":{"line":19,"column":5}}},"fnMap":{"0":{"name":"(anonymous_0)","decl":{"start":{"line":3,"column":14},"end":{"line":3,"column":15}},"loc":{"start":{"line":3,"column":31},"end":{"line":20,"column":3}},"line":3}},"branchMap":{},"s":{"0":2,"1":46,"2":46,"3":46},"f":{"0":46},"b":{},"_coverageSchema":"1a1c01bbd47fc00a2c39e90264f33305004495a9","hash":"74c30d3c816f6c74ee5a392ba203dba2850e22fc"}
,"C:\\Users\\Manohar Chimata\\OneDrive - ARSHAA TECHNOLOGIES PRIVATE LIMITED\\Desktop\\namaste-react\\src\\components\\RestaruentMenu.js": {"path":"C:\\Users\\Manohar Chimata\\OneDrive - ARSHAA TECHNOLOGIES PRIVATE LIMITED\\Desktop\\namaste-react\\src\\components\\RestaruentMenu.js","statementMap":{"0":{"start":{"line":7,"column":23},"end":{"line":65,"column":1}},"1":{"start":{"line":8,"column":19},"end":{"line":8,"column":32}},"2":{"start":{"line":9,"column":20},"end":{"line":9,"column":31}},"3":{"start":{"line":10,"column":18},"end":{"line":10,"column":39}},"4":{"start":{"line":11,"column":2},"end":{"line":11,"column":47}},"5":{"start":{"line":11,"column":28},"end":{"line":11,"column":47}},"6":{"start":{"line":12,"column":20},"end":{"line":14,"column":3}},"7":{"start":{"line":13,"column":4},"end":{"line":13,"column":28}},"8":{"start":{"line":15,"column":2},"end":{"line":64,"column":4}},"9":{"start":{"line":28,"column":12},"end":{"line":59,"column":18}},"10":{"start":{"line":43,"column":33},"end":{"line":43,"column":58}}},"fnMap":{"0":{"name":"(anonymous_0)","decl":{"start":{"line":7,"column":23},"end":{"line":7,"column":24}},"loc":{"start":{"line":7,"column":29},"end":{"line":65,"column":1}},"line":7},"1":{"name":"(anonymous_1)","decl":{"start":{"line":12,"column":20},"end":{"line":12,"column":21}},"loc":{"start":{"line":12,"column":30},"end":{"line":14,"column":3}},"line":12},"2":{"name":"(anonymous_2)","decl":{"start":{"line":27,"column":10},"end":{"line":27,"column":11}},"loc":{"start":{"line":28,"column":12},"end":{"line":59,"column":18}},"line":28},"3":{"name":"(anonymous_3)","decl":{"start":{"line":43,"column":27},"end":{"line":43,"column":28}},"loc":{"start":{"line":43,"column":33},"end":{"line":43,"column":58}},"line":43}},"branchMap":{"0":{"loc":{"start":{"line":11,"column":2},"end":{"line":11,"column":47}},"type":"if","locations":[{"start":{"line":11,"column":2},"end":{"line":11,"column":47}},{"start":{},"end":{}}],"line":11}},"s":{"0":1,"1":4,"2":3,"3":3,"4":3,"5":2,"6":1,"7":1,"8":1,"9":4,"10":1},"f":{"0":4,"1":1,"2":4,"3":1},"b":{"0":[2,1]},"_coverageSchema":"1a1c01bbd47fc00a2c39e90264f33305004495a9","hash":"3de8eea1c60a362b8e79b6f7d707c71462f1a26b"}
,"C:\\Users\\Manohar Chimata\\OneDrive - ARSHAA TECHNOLOGIES PRIVATE LIMITED\\Desktop\\namaste-react\\src\\components\\Shimmer.js": {"path":"C:\\Users\\Manohar Chimata\\OneDrive - ARSHAA TECHNOLOGIES PRIVATE LIMITED\\Desktop\\namaste-react\\src\\components\\Shimmer.js","statementMap":{"0":{"start":{"line":3,"column":16},"end":{"line":23,"column":1}},"1":{"start":{"line":4,"column":2},"end":{"line":22,"column":4}}},"fnMap":{"0":{"name":"(anonymous_0)","decl":{"start":{"line":3,"column":16},"end":{"line":3,"column":17}},"loc":{"start":{"line":3,"column":22},"end":{"line":23,"column":1}},"line":3}},"branchMap":{},"s":{"0":2,"1":8},"f":{"0":8},"b":{},"_coverageSchema":"1a1c01bbd47fc00a2c39e90264f33305004495a9","hash":"008beef689ae1c6aa80dbbc930364371f3c972a8"}
,"C:\\Users\\Manohar Chimata\\OneDrive - ARSHAA TECHNOLOGIES PRIVATE LIMITED\\Desktop\\namaste-react\\src\\components\\sum.js": {"path":"C:\\Users\\Manohar Chimata\\OneDrive - ARSHAA TECHNOLOGIES PRIVATE LIMITED\\Desktop\\namaste-react\\src\\components\\sum.js","statementMap":{"0":{"start":{"line":1,"column":18},"end":{"line":1,"column":29}},"1":{"start":{"line":1,"column":26},"end":{"line":1,"column":29}}},"fnMap":{"0":{"name":"(anonymous_0)","decl":{"start":{"line":1,"column":18},"end":{"line":1,"column":19}},"loc":{"start":{"line":1,"column":26},"end":{"line":1,"column":29}},"line":1}},"branchMap":{},"s":{"0":1,"1":1},"f":{"0":1},"b":{},"_coverageSchema":"1a1c01bbd47fc00a2c39e90264f33305004495a9","hash":"5ee313e964f3d6ba0aa3533719e5f8549734b4fd"}
,"C:\\Users\\Manohar Chimata\\OneDrive - ARSHAA TECHNOLOGIES PRIVATE LIMITED\\Desktop\\namaste-react\\src\\redux\\cartSlice.js": {"path":"C:\\Users\\Manohar Chimata\\OneDrive - ARSHAA TECHNOLOGIES PRIVATE LIMITED\\Desktop\\namaste-react\\src\\redux\\cartSlice.js","statementMap":{"0":{"start":{"line":2,"column":18},"end":{"line":19,"column":2}},"1":{"start":{"line":9,"column":6},"end":{"line":9,"column":39}},"2":{"start":{"line":12,"column":6},"end":{"line":12,"column":23}},"3":{"start":{"line":15,"column":8},"end":{"line":15,"column":63}},"4":{"start":{"line":15,"column":35},"end":{"line":15,"column":62}},"5":{"start":{"line":20,"column":50},"end":{"line":20,"column":67}}},"fnMap":{"0":{"name":"(anonymous_0)","decl":{"start":{"line":8,"column":13},"end":{"line":8,"column":14}},"loc":{"start":{"line":8,"column":32},"end":{"line":10,"column":5}},"line":8},"1":{"name":"(anonymous_1)","decl":{"start":{"line":11,"column":15},"end":{"line":11,"column":16}},"loc":{"start":{"line":11,"column":21},"end":{"line":13,"column":5}},"line":11},"2":{"name":"(anonymous_2)","decl":{"start":{"line":14,"column":16},"end":{"line":14,"column":17}},"loc":{"start":{"line":14,"column":35},"end":{"line":17,"column":5}},"line":14},"3":{"name":"(anonymous_3)","decl":{"start":{"line":15,"column":27},"end":{"line":15,"column":28}},"loc":{"start":{"line":15,"column":35},"end":{"line":15,"column":62}},"line":15}},"branchMap":{},"s":{"0":3,"1":1,"2":0,"3":0,"4":0,"5":3},"f":{"0":1,"1":0,"2":0,"3":0},"b":{},"_coverageSchema":"1a1c01bbd47fc00a2c39e90264f33305004495a9","hash":"b96c02a9854d14234484c68d56983051e2e1cd67"}
,"C:\\Users\\Manohar Chimata\\OneDrive - ARSHAA TECHNOLOGIES PRIVATE LIMITED\\Desktop\\namaste-react\\src\\redux\\store.js": {"path":"C:\\Users\\Manohar Chimata\\OneDrive - ARSHAA TECHNOLOGIES PRIVATE LIMITED\\Desktop\\namaste-react\\src\\redux\\store.js","statementMap":{"0":{"start":{"line":3,"column":14},"end":{"line":8,"column":2}}},"fnMap":{},"branchMap":{},"s":{"0":3},"f":{},"b":{},"_coverageSchema":"1a1c01bbd47fc00a2c39e90264f33305004495a9","hash":"40794da22a41594479221edb314d16959f84166c"}
,"C:\\Users\\Manohar Chimata\\OneDrive - ARSHAA TECHNOLOGIES PRIVATE LIMITED\\Desktop\\namaste-react\\src\\utils\\constants.js": {"path":"C:\\Users\\Manohar Chimata\\OneDrive - ARSHAA TECHNOLOGIES PRIVATE LIMITED\\Desktop\\namaste-react\\src\\utils\\constants.js","statementMap":{"0":{"start":{"line":1,"column":22},"end":{"line":1,"column":123}},"1":{"start":{"line":2,"column":21},"end":{"line":2,"column":104}}},"fnMap":{},"branchMap":{},"s":{"0":3,"1":3},"f":{},"b":{},"_coverageSchema":"1a1c01bbd47fc00a2c39e90264f33305004495a9","hash":"9c950eba34d85c8cace4f7ce103899be75742455"}
,"C:\\Users\\Manohar Chimata\\OneDrive - ARSHAA TECHNOLOGIES PRIVATE LIMITED\\Desktop\\namaste-react\\src\\utils\\mockData.js": {"path":"C:\\Users\\Manohar Chimata\\OneDrive - ARSHAA TECHNOLOGIES PRIVATE LIMITED\\Desktop\\namaste-react\\src\\utils\\mockData.js","statementMap":{"0":{"start":{"line":1,"column":30},"end":{"line":6158,"column":1}},"1":{"start":{"line":6159,"column":22},"end":{"line":9544,"column":1}}},"fnMap":{},"branchMap":{},"s":{"0":2,"1":2},"f":{},"b":{},"_coverageSchema":"1a1c01bbd47fc00a2c39e90264f33305004495a9","hash":"453622eb93a6226b732df74f6355ed66f8d3fe12"}
,"C:\\Users\\Manohar Chimata\\OneDrive - ARSHAA TECHNOLOGIES PRIVATE LIMITED\\Desktop\\namaste-react\\src\\utils\\useOnline.js": {"path":"C:\\Users\\Manohar Chimata\\OneDrive - ARSHAA TECHNOLOGIES PRIVATE LIMITED\\Desktop\\namaste-react\\src\\utils\\useOnline.js","statementMap":{"0":{"start":{"line":3,"column":18},"end":{"line":14,"column":1}},"1":{"start":{"line":4,"column":34},"end":{"line":4,"column":48}},"2":{"start":{"line":5,"column":2},"end":{"line":12,"column":9}},"3":{"start":{"line":6,"column":4},"end":{"line":8,"column":7}},"4":{"start":{"line":7,"column":6},"end":{"line":7,"column":24}},"5":{"start":{"line":9,"column":4},"end":{"line":11,"column":7}},"6":{"start":{"line":10,"column":6},"end":{"line":10,"column":25}},"7":{"start":{"line":13,"column":2},"end":{"line":13,"column":18}}},"fnMap":{"0":{"name":"(anonymous_0)","decl":{"start":{"line":3,"column":18},"end":{"line":3,"column":19}},"loc":{"start":{"line":3,"column":24},"end":{"line":14,"column":1}},"line":3},"1":{"name":"(anonymous_1)","decl":{"start":{"line":5,"column":12},"end":{"line":5,"column":13}},"loc":{"start":{"line":5,"column":18},"end":{"line":12,"column":3}},"line":5},"2":{"name":"(anonymous_2)","decl":{"start":{"line":6,"column":38},"end":{"line":6,"column":39}},"loc":{"start":{"line":6,"column":44},"end":{"line":8,"column":5}},"line":6},"3":{"name":"(anonymous_3)","decl":{"start":{"line":9,"column":39},"end":{"line":9,"column":40}},"loc":{"start":{"line":9,"column":45},"end":{"line":11,"column":5}},"line":9}},"branchMap":{},"s":{"0":3,"1":16,"2":16,"3":8,"4":0,"5":8,"6":0,"7":16},"f":{"0":16,"1":8,"2":0,"3":0},"b":{},"_coverageSchema":"1a1c01bbd47fc00a2c39e90264f33305004495a9","hash":"b3e7afd4401c2b335ba69881ab752e20fa945f9d"}
,"C:\\Users\\Manohar Chimata\\OneDrive - ARSHAA TECHNOLOGIES PRIVATE LIMITED\\Desktop\\namaste-react\\src\\utils\\useRestaurents.js": {"path":"C:\\Users\\Manohar Chimata\\OneDrive - ARSHAA TECHNOLOGIES PRIVATE LIMITED\\Desktop\\namaste-react\\src\\utils\\useRestaurents.js","statementMap":{"0":{"start":{"line":3,"column":23},"end":{"line":19,"column":1}},"1":{"start":{"line":4,"column":31},"end":{"line":4,"column":43}},"2":{"start":{"line":5,"column":4},"end":{"line":16,"column":13}},"3":{"start":{"line":6,"column":26},"end":{"line":14,"column":9}},"4":{"start":{"line":7,"column":23},"end":{"line":9,"column":11}},"5":{"start":{"line":10,"column":23},"end":{"line":10,"column":40}},"6":{"start":{"line":12,"column":10},"end":{"line":12,"column":37}},"7":{"start":{"line":15,"column":8},"end":{"line":15,"column":19}},"8":{"start":{"line":18,"column":4},"end":{"line":18,"column":18}}},"fnMap":{"0":{"name":"(anonymous_0)","decl":{"start":{"line":3,"column":23},"end":{"line":3,"column":24}},"loc":{"start":{"line":3,"column":34},"end":{"line":19,"column":1}},"line":3},"1":{"name":"(anonymous_1)","decl":{"start":{"line":5,"column":14},"end":{"line":5,"column":15}},"loc":{"start":{"line":5,"column":20},"end":{"line":16,"column":7}},"line":5},"2":{"name":"(anonymous_2)","decl":{"start":{"line":6,"column":26},"end":{"line":6,"column":27}},"loc":{"start":{"line":6,"column":38},"end":{"line":14,"column":9}},"line":6}},"branchMap":{},"s":{"0":1,"1":3,"2":3,"3":2,"4":2,"5":2,"6":2,"7":2,"8":3},"f":{"0":3,"1":2,"2":2},"b":{},"_coverageSchema":"1a1c01bbd47fc00a2c39e90264f33305004495a9","hash":"6037a9b7df513cf9620df85ca506106676cb5c4c"}
}
