TN:
SF:src\components\Body.js
FN:7,(anonymous_0)
FN:15,(anonymous_1)
FN:18,(anonymous_2)
FN:49,(anonymous_3)
FN:56,(anonymous_4)
FN:58,(anonymous_5)
FN:69,(anonymous_6)
FN:70,(anonymous_7)
FN:78,(anonymous_8)
FN:102,(anonymous_9)
FN:105,(anonymous_10)
FNF:11
FNH:8
FNDA:11,(anonymous_0)
FNDA:3,(anonymous_1)
FNDA:3,(anonymous_2)
FNDA:1,(anonymous_3)
FNDA:1,(anonymous_4)
FNDA:20,(anonymous_5)
FNDA:0,(anonymous_6)
FNDA:0,(anonymous_7)
FNDA:0,(anonymous_8)
FNDA:63,(anonymous_9)
FNDA:46,(anonymous_10)
DA:7,2
DA:8,11
DA:9,10
DA:10,10
DA:11,10
DA:14,10
DA:15,10
DA:16,3
DA:18,10
DA:19,3
DA:20,3
DA:25,3
DA:26,3
DA:27,3
DA:30,3
DA:32,10
DA:33,10
DA:34,10
DA:35,0
DA:37,10
DA:38,6
DA:40,4
DA:50,1
DA:57,1
DA:59,20
DA:62,1
DA:70,0
DA:78,0
DA:103,63
DA:106,46
LF:30
LH:27
BRDA:34,0,0,0
BRDA:34,0,1,10
BRDA:37,1,0,6
BRDA:37,1,1,4
BRDA:97,2,0,0
BRDA:97,2,1,4
BRF:6
BRH:4
end_of_record
TN:
SF:src\components\Cart.js
FN:3,(anonymous_0)
FN:5,(anonymous_1)
FN:6,(anonymous_2)
FN:11,(anonymous_3)
FN:16,(anonymous_4)
FNF:5
FNH:3
FNDA:3,(anonymous_0)
FNDA:6,(anonymous_1)
FNDA:0,(anonymous_2)
FNDA:2,(anonymous_3)
FNDA:0,(anonymous_4)
DA:3,1
DA:4,3
DA:5,6
DA:6,3
DA:7,0
DA:9,3
DA:12,2
DA:16,0
LF:8
LH:6
BRF:0
BRH:0
end_of_record
TN:
SF:src\components\Header.js
FN:8,(anonymous_0)
FN:14,(anonymous_1)
FNF:2
FNH:2
FNDA:6,(anonymous_0)
FNDA:12,(anonymous_1)
DA:8,2
DA:9,6
DA:11,6
DA:13,6
DA:14,12
DA:15,6
DA:16,6
LF:7
LH:7
BRDA:35,0,0,6
BRDA:35,0,1,0
BRF:2
BRH:1
end_of_record
TN:
SF:src\components\ResCard.js
FN:3,(anonymous_0)
FNF:1
FNH:1
FNDA:46,(anonymous_0)
DA:3,2
DA:4,46
DA:5,46
DA:6,46
LF:4
LH:4
BRF:0
BRH:0
end_of_record
TN:
SF:src\components\RestaruentMenu.js
FN:7,(anonymous_0)
FN:12,(anonymous_1)
FN:27,(anonymous_2)
FN:43,(anonymous_3)
FNF:4
FNH:4
FNDA:4,(anonymous_0)
FNDA:1,(anonymous_1)
FNDA:4,(anonymous_2)
FNDA:1,(anonymous_3)
DA:7,1
DA:8,4
DA:9,3
DA:10,3
DA:11,3
DA:12,1
DA:13,1
DA:15,1
DA:28,4
DA:43,1
LF:10
LH:10
BRDA:11,0,0,2
BRDA:11,0,1,1
BRF:2
BRH:2
end_of_record
TN:
SF:src\components\Shimmer.js
FN:3,(anonymous_0)
FNF:1
FNH:1
FNDA:8,(anonymous_0)
DA:3,2
DA:4,8
LF:2
LH:2
BRF:0
BRH:0
end_of_record
TN:
SF:src\components\sum.js
FN:1,(anonymous_0)
FNF:1
FNH:1
FNDA:1,(anonymous_0)
DA:1,1
LF:1
LH:1
BRF:0
BRH:0
end_of_record
TN:
SF:src\redux\cartSlice.js
FN:8,(anonymous_0)
FN:11,(anonymous_1)
FN:14,(anonymous_2)
FN:15,(anonymous_3)
FNF:4
FNH:1
FNDA:1,(anonymous_0)
FNDA:0,(anonymous_1)
FNDA:0,(anonymous_2)
FNDA:0,(anonymous_3)
DA:2,3
DA:9,1
DA:12,0
DA:15,0
DA:20,3
LF:5
LH:3
BRF:0
BRH:0
end_of_record
TN:
SF:src\redux\store.js
FNF:0
FNH:0
DA:3,3
LF:1
LH:1
BRF:0
BRH:0
end_of_record
TN:
SF:src\utils\constants.js
FNF:0
FNH:0
DA:1,3
DA:2,3
LF:2
LH:2
BRF:0
BRH:0
end_of_record
TN:
SF:src\utils\mockData.js
FNF:0
FNH:0
DA:1,2
DA:6159,2
LF:2
LH:2
BRF:0
BRH:0
end_of_record
TN:
SF:src\utils\useOnline.js
FN:3,(anonymous_0)
FN:5,(anonymous_1)
FN:6,(anonymous_2)
FN:9,(anonymous_3)
FNF:4
FNH:2
FNDA:16,(anonymous_0)
FNDA:8,(anonymous_1)
FNDA:0,(anonymous_2)
FNDA:0,(anonymous_3)
DA:3,3
DA:4,16
DA:5,16
DA:6,8
DA:7,0
DA:9,8
DA:10,0
DA:13,16
LF:8
LH:6
BRF:0
BRH:0
end_of_record
TN:
SF:src\utils\useRestaurents.js
FN:3,(anonymous_0)
FN:5,(anonymous_1)
FN:6,(anonymous_2)
FNF:3
FNH:3
FNDA:3,(anonymous_0)
FNDA:2,(anonymous_1)
FNDA:2,(anonymous_2)
DA:3,1
DA:4,3
DA:5,3
DA:6,2
DA:7,2
DA:10,2
DA:12,2
DA:15,2
DA:18,3
LF:9
LH:9
BRF:0
BRH:0
end_of_record
